<?xml version="1.0" encoding="UTF-8"?>
<!-- Generated by org.testng.reporters.JUnitReportReporter -->
<testsuite skipped="0" hostname="Suhas-Gowda" name="generic.TestDemo" tests="1" failures="0" timestamp="26 Sep 2018 06:02:41 GMT" time="15.553" errors="0">
  <testcase name="demo" time="15.553" classname="generic.TestDemo"/>
</testsuite> <!-- generic.TestDemo -->
