<?xml version="1.0" encoding="UTF-8"?>
<!-- Generated by org.testng.reporters.JUnitReportReporter -->
<testsuite skipped="0" hostname="Suhas-Gowda" name="script.TestDemo" tests="1" failures="0" timestamp="26 Sep 2018 09:53:25 GMT" time="17.093" errors="0">
  <testcase name="demo" time="17.093" classname="script.TestDemo"/>
</testsuite> <!-- script.TestDemo -->
